LVB_X/build/outputs/logs/manifest-merger-debug-report.txt
-- Merging decision tree log ---
manifest
ADDED from LVB_JY_BH\LVB_X\AndroidManifest.xml:2:1-632:12
	package
		ADDED from LVB_JY_BH\LVB_X\AndroidManifest.xml:3:5-28
	android:versionName
		ADDED from LVB_JY_BH\LVB_X\AndroidManifest.xml:6:5-30
		INJECTED from LVB_JY_BH\LVB_X\AndroidManifest.xml
		INJECTED from LVB_JY_BH\LVB_X\AndroidManifest.xml
	android:versionCode
		ADDED from LVB_JY_BH\LVB_X\AndroidManifest.xml:5:5-28
		INJECTED from LVB_JY_BH\LVB_X\AndroidManifest.xml
		INJECTED from LVB_JY_BH\LVB_X\AndroidManifest.xml
	xmlns:android
		ADDED from LVB_JY_BH\LVB_X\AndroidManifest.xml:2:11-69
	android:installLocation
		ADDED from LVB_JY_BH\LVB_X\AndroidManifest.xml:4:5-35
uses-sdk
ADDED from LVB_JY_BH\LVB_X\AndroidManifest.xml:9:5-11:41
MERGED from [LVB_JY_BH:GifView:unspecified] AndroidManifest.xml:7:5-9:41
MERGED from [com.android.support:appcompat-v7:23.4.0] AndroidManifest.xml:21:5-23:78
MERGED from [com.android.support:animated-vector-drawable:23.4.0] AndroidManifest.xml:5:5-44
MERGED from [com.android.support:support-vector-drawable:23.4.0] AndroidManifest.xml:5:5-43
MERGED from [com.github.barteksc:android-pdf-viewer:2.7.0-beta.1] AndroidManifest.xml:7:5-9:41
MERGED from [com.github.barteksc:pdfium-android:1.7.0] AndroidManifest.xml:7:5-9:41
MERGED from [com.android.support:recyclerview-v7:23.4.0] AndroidManifest.xml:20:5-43
MERGED from [com.android.support:support-v4:25.3.1] AndroidManifest.xml:21:5-23:54
MERGED from [com.android.support:support-fragment:25.3.1] AndroidManifest.xml:21:5-23:60
MERGED from [com.android.support:support-media-compat:25.3.1] AndroidManifest.xml:21:5-23:63
MERGED from [com.android.support:support-core-ui:25.3.1] AndroidManifest.xml:21:5-23:58
MERGED from [com.android.support:support-core-utils:25.3.1] AndroidManifest.xml:21:5-23:61
MERGED from [com.android.support:support-compat:25.3.1] AndroidManifest.xml:21:5-23:58
	tools:overrideLibrary
		ADDED from [com.android.support:appcompat-v7:23.4.0] AndroidManifest.xml:23:9-75
	android:targetSdkVersion
		ADDED from LVB_JY_BH\LVB_X\AndroidManifest.xml:11:9-38
	android:minSdkVersion
		ADDED from LVB_JY_BH\LVB_X\AndroidManifest.xml:10:9-35
uses-permission#android.permission.INTERNET
ADDED from LVB_JY_BH\LVB_X\AndroidManifest.xml:13:5-67
	android:name
		ADDED from LVB_JY_BH\LVB_X\AndroidManifest.xml:13:22-64
uses-permission#android.permission.WAKE_LOCK
ADDED from LVB_JY_BH\LVB_X\AndroidManifest.xml:14:5-68
	android:name
		ADDED from LVB_JY_BH\LVB_X\AndroidManifest.xml:14:22-65
uses-permission#android.permission.VIBRATE
ADDED from LVB_JY_BH\LVB_X\AndroidManifest.xml:15:5-66
	android:name
		ADDED from LVB_JY_BH\LVB_X\AndroidManifest.xml:15:22-63
uses-permission#android.permission.GET_TASKS
ADDED from LVB_JY_BH\LVB_X\AndroidManifest.xml:16:5-68
	android:name
		ADDED from LVB_JY_BH\LVB_X\AndroidManifest.xml:16:22-65
uses-permission#android.permission.READ_SETTINGS
ADDED from LVB_JY_BH\LVB_X\AndroidManifest.xml:17:5-72
	android:name
		ADDED from LVB_JY_BH\LVB_X\AndroidManifest.xml:17:22-69
uses-permission#android.permission.WRITE_SETTINGS
ADDED from LVB_JY_BH\LVB_X\AndroidManifest.xml:18:5-73
	android:name
		ADDED from LVB_JY_BH\LVB_X\AndroidManifest.xml:18:22-70
uses-permission#android.permission.RESTART_PACKAGES
ADDED from LVB_JY_BH\LVB_X\AndroidManifest.xml:19:5-75
	android:name
		ADDED from LVB_JY_BH\LVB_X\AndroidManifest.xml:19:22-72
uses-permission#android.permission.CHANGE_WIFI_STATE
ADDED from LVB_JY_BH\LVB_X\AndroidManifest.xml:20:5-76
	android:name
		ADDED from LVB_JY_BH\LVB_X\AndroidManifest.xml:20:22-73
uses-permission#android.permission.ACCESS_WIFI_STATE
ADDED from LVB_JY_BH\LVB_X\AndroidManifest.xml:21:5-76
	android:name
		ADDED from LVB_JY_BH\LVB_X\AndroidManifest.xml:21:22-73
uses-permission#android.permission.ACCESS_NETWORK_STATE
ADDED from LVB_JY_BH\LVB_X\AndroidManifest.xml:22:5-79
	android:name
		ADDED from LVB_JY_BH\LVB_X\AndroidManifest.xml:22:22-76
uses-permission#android.permission.CHANGE_CONFIGURATION
ADDED from LVB_JY_BH\LVB_X\AndroidManifest.xml:23:5-79
	android:name
		ADDED from LVB_JY_BH\LVB_X\AndroidManifest.xml:23:22-76
uses-permission#android.permission.RECEIVE_BOOT_COMPLETED
ADDED from LVB_JY_BH\LVB_X\AndroidManifest.xml:24:5-81
	android:name
		ADDED from LVB_JY_BH\LVB_X\AndroidManifest.xml:24:22-78
uses-permission#android.permission.CHANGE_WIFI_MULTICAST_STATE
ADDED from LVB_JY_BH\LVB_X\AndroidManifest.xml:25:5-86
	android:name
		ADDED from LVB_JY_BH\LVB_X\AndroidManifest.xml:25:22-83
uses-permission#android.permission.WRITE_EXTERNAL_STORAGE
ADDED from LVB_JY_BH\LVB_X\AndroidManifest.xml:26:5-81
	android:name
		ADDED from LVB_JY_BH\LVB_X\AndroidManifest.xml:26:22-78
uses-permission#android.permission.MOUNT_UNMOUNT_FILESYSTEMS
ADDED from LVB_JY_BH\LVB_X\AndroidManifest.xml:27:5-84
	android:name
		ADDED from LVB_JY_BH\LVB_X\AndroidManifest.xml:27:22-81
uses-permission#com.android.launcher.permission.READ_SETTINGS
ADDED from LVB_JY_BH\LVB_X\AndroidManifest.xml:28:5-85
	android:name
		ADDED from LVB_JY_BH\LVB_X\AndroidManifest.xml:28:22-82
uses-permission#com.android.launcher.permission.INSTALL_SHORTCUT
ADDED from LVB_JY_BH\LVB_X\AndroidManifest.xml:29:5-88
	android:name
		ADDED from LVB_JY_BH\LVB_X\AndroidManifest.xml:29:22-85
uses-permission#com.android.launcher.permission.UNINSTALL_SHORTCUT
ADDED from LVB_JY_BH\LVB_X\AndroidManifest.xml:30:5-90
	android:name
		ADDED from LVB_JY_BH\LVB_X\AndroidManifest.xml:30:22-87
uses-permission#android.permission.RECORD_AUDIO
ADDED from LVB_JY_BH\LVB_X\AndroidManifest.xml:31:5-71
	android:name
		ADDED from LVB_JY_BH\LVB_X\AndroidManifest.xml:31:22-68
uses-permission#android.permission.MODIFY_AUDIO_SETTINGS
ADDED from LVB_JY_BH\LVB_X\AndroidManifest.xml:32:5-80
	android:name
		ADDED from LVB_JY_BH\LVB_X\AndroidManifest.xml:32:22-77
uses-permission#android.permission.SYSTEM_ALERT_WINDOW
ADDED from LVB_JY_BH\LVB_X\AndroidManifest.xml:33:5-78
	android:name
		ADDED from LVB_JY_BH\LVB_X\AndroidManifest.xml:33:22-75
uses-permission#android.permission.READ_PHONE_STATE
ADDED from LVB_JY_BH\LVB_X\AndroidManifest.xml:34:5-75
	android:name
		ADDED from LVB_JY_BH\LVB_X\AndroidManifest.xml:34:22-72
uses-permission#android.permission.READ_LOGS
ADDED from LVB_JY_BH\LVB_X\AndroidManifest.xml:38:5-68
	android:name
		ADDED from LVB_JY_BH\LVB_X\AndroidManifest.xml:38:22-65
supports-screens
ADDED from LVB_JY_BH\LVB_X\AndroidManifest.xml:41:5-45:39
	android:largeScreens
		ADDED from LVB_JY_BH\LVB_X\AndroidManifest.xml:43:9-36
	android:smallScreens
		ADDED from LVB_JY_BH\LVB_X\AndroidManifest.xml:45:9-36
	android:normalScreens
		ADDED from LVB_JY_BH\LVB_X\AndroidManifest.xml:44:9-37
	android:anyDensity
		ADDED from LVB_JY_BH\LVB_X\AndroidManifest.xml:42:9-34
application
ADDED from LVB_JY_BH\LVB_X\AndroidManifest.xml:54:5-630:19
MERGED from [LVB_JY_BH:GifView:unspecified] AndroidManifest.xml:11:5-25:19
MERGED from [com.android.support:appcompat-v7:23.4.0] AndroidManifest.xml:25:5-20
MERGED from [com.android.support:animated-vector-drawable:23.4.0] AndroidManifest.xml:7:5-20
MERGED from [com.android.support:support-vector-drawable:23.4.0] AndroidManifest.xml:7:5-20
MERGED from [com.android.support:support-v4:25.3.1] AndroidManifest.xml:29:5-20
MERGED from [com.android.support:support-fragment:25.3.1] AndroidManifest.xml:29:5-20
MERGED from [com.android.support:support-media-compat:25.3.1] AndroidManifest.xml:29:5-20
MERGED from [com.android.support:support-core-ui:25.3.1] AndroidManifest.xml:29:5-20
MERGED from [com.android.support:support-core-utils:25.3.1] AndroidManifest.xml:29:5-20
MERGED from [com.android.support:support-compat:25.3.1] AndroidManifest.xml:29:5-20
	android:label
		ADDED from LVB_JY_BH\LVB_X\AndroidManifest.xml:58:9-41
	android:allowBackup
		ADDED from LVB_JY_BH\LVB_X\AndroidManifest.xml:56:9-35
	android:icon
		ADDED from LVB_JY_BH\LVB_X\AndroidManifest.xml:57:9-45
	android:largeHeap
		ADDED from LVB_JY_BH\LVB_X\AndroidManifest.xml:59:9-33
	android:theme
		ADDED from LVB_JY_BH\LVB_X\AndroidManifest.xml:60:9-40
	android:name
		ADDED from LVB_JY_BH\LVB_X\AndroidManifest.xml:55:9-51
uses-library#android.test.runner
ADDED from LVB_JY_BH\LVB_X\AndroidManifest.xml:61:9-60
	android:name
		ADDED from LVB_JY_BH\LVB_X\AndroidManifest.xml:61:23-57
activity#com.hhzt.iptv.ui.SplashActivity
ADDED from LVB_JY_BH\LVB_X\AndroidManifest.xml:62:9-78:20
	android:clearTaskOnLaunch
		ADDED from LVB_JY_BH\LVB_X\AndroidManifest.xml:64:13-45
	android:screenOrientation
		ADDED from LVB_JY_BH\LVB_X\AndroidManifest.xml:68:13-50
	android:label
		ADDED from LVB_JY_BH\LVB_X\AndroidManifest.xml:66:13-45
	android:stateNotNeeded
		ADDED from LVB_JY_BH\LVB_X\AndroidManifest.xml:69:13-42
	android:launchMode
		ADDED from LVB_JY_BH\LVB_X\AndroidManifest.xml:67:13-44
	android:configChanges
		ADDED from LVB_JY_BH\LVB_X\AndroidManifest.xml:65:13-79
	android:theme
		ADDED from LVB_JY_BH\LVB_X\AndroidManifest.xml:70:13-71
	android:name
		ADDED from LVB_JY_BH\LVB_X\AndroidManifest.xml:63:13-59
intent-filter#android.intent.action.MAIN+android.intent.category.DEFAULT+android.intent.category.HOME+android.intent.category.LAUNCHER
ADDED from LVB_JY_BH\LVB_X\AndroidManifest.xml:71:13-77:29
action#android.intent.action.MAIN
ADDED from LVB_JY_BH\LVB_X\AndroidManifest.xml:72:17-69
	android:name
		ADDED from LVB_JY_BH\LVB_X\AndroidManifest.xml:72:25-66
category#android.intent.category.HOME
ADDED from LVB_JY_BH\LVB_X\AndroidManifest.xml:74:17-73
	android:name
		ADDED from LVB_JY_BH\LVB_X\AndroidManifest.xml:74:27-70
category#android.intent.category.DEFAULT
ADDED from LVB_JY_BH\LVB_X\AndroidManifest.xml:75:17-76
	android:name
		ADDED from LVB_JY_BH\LVB_X\AndroidManifest.xml:75:27-73
category#android.intent.category.LAUNCHER
ADDED from LVB_JY_BH\LVB_X\AndroidManifest.xml:76:17-77
	android:name
		ADDED from LVB_JY_BH\LVB_X\AndroidManifest.xml:76:27-74
activity#com.hhzt.iptv.ui.BActivity
ADDED from LVB_JY_BH\LVB_X\AndroidManifest.xml:88:9-95:20
	android:screenOrientation
		ADDED from LVB_JY_BH\LVB_X\AndroidManifest.xml:93:13-50
	android:label
		ADDED from LVB_JY_BH\LVB_X\AndroidManifest.xml:91:13-45
	android:launchMode
		ADDED from LVB_JY_BH\LVB_X\AndroidManifest.xml:92:13-44
	android:configChanges
		ADDED from LVB_JY_BH\LVB_X\AndroidManifest.xml:90:13-79
	android:theme
		ADDED from LVB_JY_BH\LVB_X\AndroidManifest.xml:94:13-71
	android:name
		ADDED from LVB_JY_BH\LVB_X\AndroidManifest.xml:89:13-54
activity#com.hhzt.iptv.ui.WelcomeActivity
ADDED from LVB_JY_BH\LVB_X\AndroidManifest.xml:96:9-103:20
	android:screenOrientation
		ADDED from LVB_JY_BH\LVB_X\AndroidManifest.xml:101:13-50
	android:label
		ADDED from LVB_JY_BH\LVB_X\AndroidManifest.xml:99:13-45
	android:launchMode
		ADDED from LVB_JY_BH\LVB_X\AndroidManifest.xml:100:13-44
	android:configChanges
		ADDED from LVB_JY_BH\LVB_X\AndroidManifest.xml:98:13-79
	android:theme
		ADDED from LVB_JY_BH\LVB_X\AndroidManifest.xml:102:13-71
	android:name
		ADDED from LVB_JY_BH\LVB_X\AndroidManifest.xml:97:13-60
activity#com.hhzt.iptv.ui.WelcomeADActivity
ADDED from LVB_JY_BH\LVB_X\AndroidManifest.xml:104:9-111:20
	android:screenOrientation
		ADDED from LVB_JY_BH\LVB_X\AndroidManifest.xml:109:13-50
	android:label
		ADDED from LVB_JY_BH\LVB_X\AndroidManifest.xml:107:13-45
	android:launchMode
		ADDED from LVB_JY_BH\LVB_X\AndroidManifest.xml:108:13-44
	android:configChanges
		ADDED from LVB_JY_BH\LVB_X\AndroidManifest.xml:106:13-79
	android:theme
		ADDED from LVB_JY_BH\LVB_X\AndroidManifest.xml:110:13-71
	android:name
		ADDED from LVB_JY_BH\LVB_X\AndroidManifest.xml:105:13-62
activity#com.hhzt.iptv.ui.MainmenuActivity
ADDED from LVB_JY_BH\LVB_X\AndroidManifest.xml:112:9-119:20
	android:screenOrientation
		ADDED from LVB_JY_BH\LVB_X\AndroidManifest.xml:117:13-50
	android:label
		ADDED from LVB_JY_BH\LVB_X\AndroidManifest.xml:115:13-45
	android:launchMode
		ADDED from LVB_JY_BH\LVB_X\AndroidManifest.xml:116:13-44
	android:configChanges
		ADDED from LVB_JY_BH\LVB_X\AndroidManifest.xml:114:13-79
	android:theme
		ADDED from LVB_JY_BH\LVB_X\AndroidManifest.xml:118:13-71
	android:name
		ADDED from LVB_JY_BH\LVB_X\AndroidManifest.xml:113:13-61
activity#com.hhzt.iptv.ui.BaihuHomeActivity
ADDED from LVB_JY_BH\LVB_X\AndroidManifest.xml:120:9-127:20
	android:screenOrientation
		ADDED from LVB_JY_BH\LVB_X\AndroidManifest.xml:125:13-50
	android:label
		ADDED from LVB_JY_BH\LVB_X\AndroidManifest.xml:123:13-45
	android:launchMode
		ADDED from LVB_JY_BH\LVB_X\AndroidManifest.xml:124:13-44
	android:configChanges
		ADDED from LVB_JY_BH\LVB_X\AndroidManifest.xml:122:13-79
	android:theme
		ADDED from LVB_JY_BH\LVB_X\AndroidManifest.xml:126:13-71
	android:name
		ADDED from LVB_JY_BH\LVB_X\AndroidManifest.xml:121:13-62
activity#com.hhzt.iptv.ui.ClauseActivity
ADDED from LVB_JY_BH\LVB_X\AndroidManifest.xml:128:9-135:20
	android:screenOrientation
		ADDED from LVB_JY_BH\LVB_X\AndroidManifest.xml:133:13-50
	android:label
		ADDED from LVB_JY_BH\LVB_X\AndroidManifest.xml:131:13-45
	android:launchMode
		ADDED from LVB_JY_BH\LVB_X\AndroidManifest.xml:132:13-44
	android:configChanges
		ADDED from LVB_JY_BH\LVB_X\AndroidManifest.xml:130:13-79
	android:theme
		ADDED from LVB_JY_BH\LVB_X\AndroidManifest.xml:134:13-71
	android:name
		ADDED from LVB_JY_BH\LVB_X\AndroidManifest.xml:129:13-59
activity#com.hhzt.iptv.ui.NetworkTestActivity
ADDED from LVB_JY_BH\LVB_X\AndroidManifest.xml:136:9-143:20
	android:screenOrientation
		ADDED from LVB_JY_BH\LVB_X\AndroidManifest.xml:141:13-50
	android:label
		ADDED from LVB_JY_BH\LVB_X\AndroidManifest.xml:139:13-45
	android:launchMode
		ADDED from LVB_JY_BH\LVB_X\AndroidManifest.xml:140:13-44
	android:configChanges
		ADDED from LVB_JY_BH\LVB_X\AndroidManifest.xml:138:13-79
	android:theme
		ADDED from LVB_JY_BH\LVB_X\AndroidManifest.xml:142:13-71
	android:name
		ADDED from LVB_JY_BH\LVB_X\AndroidManifest.xml:137:13-64
activity#com.hhzt.iptv.ui.ProjectTestActivity
ADDED from LVB_JY_BH\LVB_X\AndroidManifest.xml:144:9-151:20
	android:screenOrientation
		ADDED from LVB_JY_BH\LVB_X\AndroidManifest.xml:149:13-50
	android:label
		ADDED from LVB_JY_BH\LVB_X\AndroidManifest.xml:147:13-45
	android:launchMode
		ADDED from LVB_JY_BH\LVB_X\AndroidManifest.xml:148:13-44
	android:configChanges
		ADDED from LVB_JY_BH\LVB_X\AndroidManifest.xml:146:13-79
	android:theme
		ADDED from LVB_JY_BH\LVB_X\AndroidManifest.xml:150:13-71
	android:name
		ADDED from LVB_JY_BH\LVB_X\AndroidManifest.xml:145:13-64
activity#com.hhzt.iptv.ui.FeedBackActivity
ADDED from LVB_JY_BH\LVB_X\AndroidManifest.xml:152:9-159:20
	android:screenOrientation
		ADDED from LVB_JY_BH\LVB_X\AndroidManifest.xml:157:13-50
	android:label
		ADDED from LVB_JY_BH\LVB_X\AndroidManifest.xml:155:13-45
	android:launchMode
		ADDED from LVB_JY_BH\LVB_X\AndroidManifest.xml:156:13-44
	android:configChanges
		ADDED from LVB_JY_BH\LVB_X\AndroidManifest.xml:154:13-79
	android:theme
		ADDED from LVB_JY_BH\LVB_X\AndroidManifest.xml:158:13-71
	android:name
		ADDED from LVB_JY_BH\LVB_X\AndroidManifest.xml:153:13-61
activity#com.hhzt.iptv.ui.MediaPlayerActivity
ADDED from LVB_JY_BH\LVB_X\AndroidManifest.xml:160:9-167:20
	android:screenOrientation
		ADDED from LVB_JY_BH\LVB_X\AndroidManifest.xml:165:13-50
	android:label
		ADDED from LVB_JY_BH\LVB_X\AndroidManifest.xml:163:13-45
	android:launchMode
		ADDED from LVB_JY_BH\LVB_X\AndroidManifest.xml:164:13-44
	android:configChanges
		ADDED from LVB_JY_BH\LVB_X\AndroidManifest.xml:162:13-79
	android:theme
		ADDED from LVB_JY_BH\LVB_X\AndroidManifest.xml:166:13-71
	android:name
		ADDED from LVB_JY_BH\LVB_X\AndroidManifest.xml:161:13-64
activity#com.hhzt.iptv.ui.VodActivity
ADDED from LVB_JY_BH\LVB_X\AndroidManifest.xml:168:9-175:20
	android:screenOrientation
		ADDED from LVB_JY_BH\LVB_X\AndroidManifest.xml:173:13-50
	android:label
		ADDED from LVB_JY_BH\LVB_X\AndroidManifest.xml:171:13-45
	android:launchMode
		ADDED from LVB_JY_BH\LVB_X\AndroidManifest.xml:172:13-44
	android:configChanges
		ADDED from LVB_JY_BH\LVB_X\AndroidManifest.xml:170:13-79
	android:theme
		ADDED from LVB_JY_BH\LVB_X\AndroidManifest.xml:174:13-71
	android:name
		ADDED from LVB_JY_BH\LVB_X\AndroidManifest.xml:169:13-56
activity#com.hhzt.iptv.ui.BackgroundManagerActivity
ADDED from LVB_JY_BH\LVB_X\AndroidManifest.xml:176:9-183:20
	android:screenOrientation
		ADDED from LVB_JY_BH\LVB_X\AndroidManifest.xml:181:13-50
	android:label
		ADDED from LVB_JY_BH\LVB_X\AndroidManifest.xml:179:13-45
	android:launchMode
		ADDED from LVB_JY_BH\LVB_X\AndroidManifest.xml:180:13-44
	android:configChanges
		ADDED from LVB_JY_BH\LVB_X\AndroidManifest.xml:178:13-79
	android:theme
		ADDED from LVB_JY_BH\LVB_X\AndroidManifest.xml:182:13-71
	android:name
		ADDED from LVB_JY_BH\LVB_X\AndroidManifest.xml:177:13-70
activity#com.hhzt.iptv.ui.SettingAccountMainActivity
ADDED from LVB_JY_BH\LVB_X\AndroidManifest.xml:184:9-191:20
	android:screenOrientation
		ADDED from LVB_JY_BH\LVB_X\AndroidManifest.xml:189:13-50
	android:label
		ADDED from LVB_JY_BH\LVB_X\AndroidManifest.xml:187:13-45
	android:launchMode
		ADDED from LVB_JY_BH\LVB_X\AndroidManifest.xml:188:13-44
	android:configChanges
		ADDED from LVB_JY_BH\LVB_X\AndroidManifest.xml:186:13-79
	android:theme
		ADDED from LVB_JY_BH\LVB_X\AndroidManifest.xml:190:13-71
	android:name
		ADDED from LVB_JY_BH\LVB_X\AndroidManifest.xml:185:13-71
activity#com.hhzt.iptv.ui.SettingActivity
ADDED from LVB_JY_BH\LVB_X\AndroidManifest.xml:193:9-199:20
	android:screenOrientation
		ADDED from LVB_JY_BH\LVB_X\AndroidManifest.xml:197:13-50
	android:label
		ADDED from LVB_JY_BH\LVB_X\AndroidManifest.xml:196:13-45
	android:configChanges
		ADDED from LVB_JY_BH\LVB_X\AndroidManifest.xml:195:13-79
	android:theme
		ADDED from LVB_JY_BH\LVB_X\AndroidManifest.xml:198:13-71
	android:name
		ADDED from LVB_JY_BH\LVB_X\AndroidManifest.xml:194:13-60
activity#com.hhzt.iptv.ui.CitySetActivity
ADDED from LVB_JY_BH\LVB_X\AndroidManifest.xml:201:9-207:20
	android:screenOrientation
		ADDED from LVB_JY_BH\LVB_X\AndroidManifest.xml:205:13-50
	android:label
		ADDED from LVB_JY_BH\LVB_X\AndroidManifest.xml:204:13-45
	android:configChanges
		ADDED from LVB_JY_BH\LVB_X\AndroidManifest.xml:203:13-79
	android:theme
		ADDED from LVB_JY_BH\LVB_X\AndroidManifest.xml:206:13-71
	android:name
		ADDED from LVB_JY_BH\LVB_X\AndroidManifest.xml:202:13-60
activity#com.hhzt.iptv.ui.AboutActivity
ADDED from LVB_JY_BH\LVB_X\AndroidManifest.xml:208:9-215:20
	android:screenOrientation
		ADDED from LVB_JY_BH\LVB_X\AndroidManifest.xml:213:13-50
	android:label
		ADDED from LVB_JY_BH\LVB_X\AndroidManifest.xml:211:13-45
	android:launchMode
		ADDED from LVB_JY_BH\LVB_X\AndroidManifest.xml:212:13-44
	android:configChanges
		ADDED from LVB_JY_BH\LVB_X\AndroidManifest.xml:210:13-79
	android:theme
		ADDED from LVB_JY_BH\LVB_X\AndroidManifest.xml:214:13-71
	android:name
		ADDED from LVB_JY_BH\LVB_X\AndroidManifest.xml:209:13-58
activity#com.hhzt.iptv.ui.VodItemDetailActivity
ADDED from LVB_JY_BH\LVB_X\AndroidManifest.xml:216:9-223:20
	android:screenOrientation
		ADDED from LVB_JY_BH\LVB_X\AndroidManifest.xml:221:13-50
	android:label
		ADDED from LVB_JY_BH\LVB_X\AndroidManifest.xml:219:13-45
	android:launchMode
		ADDED from LVB_JY_BH\LVB_X\AndroidManifest.xml:220:13-42
	android:configChanges
		ADDED from LVB_JY_BH\LVB_X\AndroidManifest.xml:218:13-79
	android:theme
		ADDED from LVB_JY_BH\LVB_X\AndroidManifest.xml:222:13-71
	android:name
		ADDED from LVB_JY_BH\LVB_X\AndroidManifest.xml:217:13-66
activity#com.hhzt.iptv.ui.AdminitratorActivity
ADDED from LVB_JY_BH\LVB_X\AndroidManifest.xml:224:9-231:20
	android:screenOrientation
		ADDED from LVB_JY_BH\LVB_X\AndroidManifest.xml:229:13-50
	android:label
		ADDED from LVB_JY_BH\LVB_X\AndroidManifest.xml:227:13-45
	android:launchMode
		ADDED from LVB_JY_BH\LVB_X\AndroidManifest.xml:228:13-44
	android:configChanges
		ADDED from LVB_JY_BH\LVB_X\AndroidManifest.xml:226:13-79
	android:theme
		ADDED from LVB_JY_BH\LVB_X\AndroidManifest.xml:230:13-71
	android:name
		ADDED from LVB_JY_BH\LVB_X\AndroidManifest.xml:225:13-65
activity#com.hhzt.iptv.ui.HSMainActivity
ADDED from LVB_JY_BH\LVB_X\AndroidManifest.xml:232:9-239:20
	android:screenOrientation
		ADDED from LVB_JY_BH\LVB_X\AndroidManifest.xml:237:13-50
	android:label
		ADDED from LVB_JY_BH\LVB_X\AndroidManifest.xml:235:13-45
	android:launchMode
		ADDED from LVB_JY_BH\LVB_X\AndroidManifest.xml:236:13-44
	android:configChanges
		ADDED from LVB_JY_BH\LVB_X\AndroidManifest.xml:234:13-79
	android:theme
		ADDED from LVB_JY_BH\LVB_X\AndroidManifest.xml:238:13-71
	android:name
		ADDED from LVB_JY_BH\LVB_X\AndroidManifest.xml:233:13-59
activity#com.hhzt.iptv.ui.TravelActivity
ADDED from LVB_JY_BH\LVB_X\AndroidManifest.xml:240:9-247:20
	android:screenOrientation
		ADDED from LVB_JY_BH\LVB_X\AndroidManifest.xml:245:13-50
	android:label
		ADDED from LVB_JY_BH\LVB_X\AndroidManifest.xml:243:13-45
	android:launchMode
		ADDED from LVB_JY_BH\LVB_X\AndroidManifest.xml:244:13-44
	android:configChanges
		ADDED from LVB_JY_BH\LVB_X\AndroidManifest.xml:242:13-79
	android:theme
		ADDED from LVB_JY_BH\LVB_X\AndroidManifest.xml:246:13-71
	android:name
		ADDED from LVB_JY_BH\LVB_X\AndroidManifest.xml:241:13-59
activity#com.hhzt.iptv.ui.AppActivity
ADDED from LVB_JY_BH\LVB_X\AndroidManifest.xml:248:9-255:20
	android:screenOrientation
		ADDED from LVB_JY_BH\LVB_X\AndroidManifest.xml:253:13-50
	android:label
		ADDED from LVB_JY_BH\LVB_X\AndroidManifest.xml:251:13-45
	android:launchMode
		ADDED from LVB_JY_BH\LVB_X\AndroidManifest.xml:252:13-44
	android:configChanges
		ADDED from LVB_JY_BH\LVB_X\AndroidManifest.xml:250:13-79
	android:theme
		ADDED from LVB_JY_BH\LVB_X\AndroidManifest.xml:254:13-71
	android:name
		ADDED from LVB_JY_BH\LVB_X\AndroidManifest.xml:249:13-56
activity#com.hhzt.iptv.ui.SubAppActivity
ADDED from LVB_JY_BH\LVB_X\AndroidManifest.xml:256:9-263:20
	android:screenOrientation
		ADDED from LVB_JY_BH\LVB_X\AndroidManifest.xml:261:13-50
	android:label
		ADDED from LVB_JY_BH\LVB_X\AndroidManifest.xml:259:13-45
	android:launchMode
		ADDED from LVB_JY_BH\LVB_X\AndroidManifest.xml:260:13-44
	android:configChanges
		ADDED from LVB_JY_BH\LVB_X\AndroidManifest.xml:258:13-79
	android:theme
		ADDED from LVB_JY_BH\LVB_X\AndroidManifest.xml:262:13-71
	android:name
		ADDED from LVB_JY_BH\LVB_X\AndroidManifest.xml:257:13-59
activity#com.hhzt.iptv.ui.LangSetActivity
ADDED from LVB_JY_BH\LVB_X\AndroidManifest.xml:265:9-271:20
	android:screenOrientation
		ADDED from LVB_JY_BH\LVB_X\AndroidManifest.xml:269:13-50
	android:label
		ADDED from LVB_JY_BH\LVB_X\AndroidManifest.xml:268:13-45
	android:configChanges
		ADDED from LVB_JY_BH\LVB_X\AndroidManifest.xml:267:13-79
	android:theme
		ADDED from LVB_JY_BH\LVB_X\AndroidManifest.xml:270:13-71
	android:name
		ADDED from LVB_JY_BH\LVB_X\AndroidManifest.xml:266:13-60
activity#com.hhzt.iptv.ui.HSInfoTempateA3Activity
ADDED from LVB_JY_BH\LVB_X\AndroidManifest.xml:272:9-279:20
	android:screenOrientation
		ADDED from LVB_JY_BH\LVB_X\AndroidManifest.xml:277:13-50
	android:label
		ADDED from LVB_JY_BH\LVB_X\AndroidManifest.xml:275:13-45
	android:launchMode
		ADDED from LVB_JY_BH\LVB_X\AndroidManifest.xml:276:13-44
	android:configChanges
		ADDED from LVB_JY_BH\LVB_X\AndroidManifest.xml:274:13-79
	android:theme
		ADDED from LVB_JY_BH\LVB_X\AndroidManifest.xml:278:13-71
	android:name
		ADDED from LVB_JY_BH\LVB_X\AndroidManifest.xml:273:13-68
activity#com.hhzt.iptv.ui.HSSubCleanActivity
ADDED from LVB_JY_BH\LVB_X\AndroidManifest.xml:280:9-287:20
	android:screenOrientation
		ADDED from LVB_JY_BH\LVB_X\AndroidManifest.xml:285:13-50
	android:label
		ADDED from LVB_JY_BH\LVB_X\AndroidManifest.xml:283:13-45
	android:launchMode
		ADDED from LVB_JY_BH\LVB_X\AndroidManifest.xml:284:13-44
	android:configChanges
		ADDED from LVB_JY_BH\LVB_X\AndroidManifest.xml:282:13-79
	android:theme
		ADDED from LVB_JY_BH\LVB_X\AndroidManifest.xml:286:13-71
	android:name
		ADDED from LVB_JY_BH\LVB_X\AndroidManifest.xml:281:13-63
activity#com.hhzt.iptv.ui.HSSubHotelActivity
ADDED from LVB_JY_BH\LVB_X\AndroidManifest.xml:288:9-295:20
	android:screenOrientation
		ADDED from LVB_JY_BH\LVB_X\AndroidManifest.xml:293:13-50
	android:label
		ADDED from LVB_JY_BH\LVB_X\AndroidManifest.xml:291:13-45
	android:launchMode
		ADDED from LVB_JY_BH\LVB_X\AndroidManifest.xml:292:13-44
	android:configChanges
		ADDED from LVB_JY_BH\LVB_X\AndroidManifest.xml:290:13-79
	android:theme
		ADDED from LVB_JY_BH\LVB_X\AndroidManifest.xml:294:13-71
	android:name
		ADDED from LVB_JY_BH\LVB_X\AndroidManifest.xml:289:13-63
activity#com.hhzt.iptv.ui.HSInfoTempateA2Activity
ADDED from LVB_JY_BH\LVB_X\AndroidManifest.xml:296:9-303:20
	android:screenOrientation
		ADDED from LVB_JY_BH\LVB_X\AndroidManifest.xml:301:13-50
	android:label
		ADDED from LVB_JY_BH\LVB_X\AndroidManifest.xml:299:13-45
	android:launchMode
		ADDED from LVB_JY_BH\LVB_X\AndroidManifest.xml:300:13-44
	android:configChanges
		ADDED from LVB_JY_BH\LVB_X\AndroidManifest.xml:298:13-79
	android:theme
		ADDED from LVB_JY_BH\LVB_X\AndroidManifest.xml:302:13-71
	android:name
		ADDED from LVB_JY_BH\LVB_X\AndroidManifest.xml:297:13-68
activity#com.hhzt.iptv.ui.TravelTempateA5Activity
ADDED from LVB_JY_BH\LVB_X\AndroidManifest.xml:304:9-311:20
	android:screenOrientation
		ADDED from LVB_JY_BH\LVB_X\AndroidManifest.xml:309:13-50
	android:label
		ADDED from LVB_JY_BH\LVB_X\AndroidManifest.xml:307:13-45
	android:launchMode
		ADDED from LVB_JY_BH\LVB_X\AndroidManifest.xml:308:13-44
	android:configChanges
		ADDED from LVB_JY_BH\LVB_X\AndroidManifest.xml:306:13-79
	android:theme
		ADDED from LVB_JY_BH\LVB_X\AndroidManifest.xml:310:13-71
	android:name
		ADDED from LVB_JY_BH\LVB_X\AndroidManifest.xml:305:13-68
activity#com.hhzt.iptv.ui.HSOrderHistoryActivity
ADDED from LVB_JY_BH\LVB_X\AndroidManifest.xml:312:9-319:20
	android:screenOrientation
		ADDED from LVB_JY_BH\LVB_X\AndroidManifest.xml:317:13-50
	android:label
		ADDED from LVB_JY_BH\LVB_X\AndroidManifest.xml:315:13-45
	android:launchMode
		ADDED from LVB_JY_BH\LVB_X\AndroidManifest.xml:316:13-44
	android:configChanges
		ADDED from LVB_JY_BH\LVB_X\AndroidManifest.xml:314:13-79
	android:theme
		ADDED from LVB_JY_BH\LVB_X\AndroidManifest.xml:318:13-71
	android:name
		ADDED from LVB_JY_BH\LVB_X\AndroidManifest.xml:313:13-67
activity#com.hhzt.iptv.ui.HSOrderHistoryDetailsActivity
ADDED from LVB_JY_BH\LVB_X\AndroidManifest.xml:320:9-327:20
	android:screenOrientation
		ADDED from LVB_JY_BH\LVB_X\AndroidManifest.xml:325:13-50
	android:label
		ADDED from LVB_JY_BH\LVB_X\AndroidManifest.xml:323:13-45
	android:launchMode
		ADDED from LVB_JY_BH\LVB_X\AndroidManifest.xml:324:13-44
	android:configChanges
		ADDED from LVB_JY_BH\LVB_X\AndroidManifest.xml:322:13-79
	android:theme
		ADDED from LVB_JY_BH\LVB_X\AndroidManifest.xml:326:13-71
	android:name
		ADDED from LVB_JY_BH\LVB_X\AndroidManifest.xml:321:13-74
activity#com.hhzt.iptv.ui.HSSubRoomIntroduceActivity
ADDED from LVB_JY_BH\LVB_X\AndroidManifest.xml:328:9-335:20
	android:screenOrientation
		ADDED from LVB_JY_BH\LVB_X\AndroidManifest.xml:333:13-50
	android:label
		ADDED from LVB_JY_BH\LVB_X\AndroidManifest.xml:331:13-45
	android:launchMode
		ADDED from LVB_JY_BH\LVB_X\AndroidManifest.xml:332:13-44
	android:configChanges
		ADDED from LVB_JY_BH\LVB_X\AndroidManifest.xml:330:13-79
	android:theme
		ADDED from LVB_JY_BH\LVB_X\AndroidManifest.xml:334:13-71
	android:name
		ADDED from LVB_JY_BH\LVB_X\AndroidManifest.xml:329:13-71
activity#com.hhzt.iptv.ui.HSSubWakeupActivity
ADDED from LVB_JY_BH\LVB_X\AndroidManifest.xml:336:9-343:20
	android:screenOrientation
		ADDED from LVB_JY_BH\LVB_X\AndroidManifest.xml:341:13-50
	android:label
		ADDED from LVB_JY_BH\LVB_X\AndroidManifest.xml:339:13-45
	android:launchMode
		ADDED from LVB_JY_BH\LVB_X\AndroidManifest.xml:340:13-44
	android:configChanges
		ADDED from LVB_JY_BH\LVB_X\AndroidManifest.xml:338:13-79
	android:theme
		ADDED from LVB_JY_BH\LVB_X\AndroidManifest.xml:342:13-71
	android:name
		ADDED from LVB_JY_BH\LVB_X\AndroidManifest.xml:337:13-64
activity#com.hhzt.iptv.ui.TLSubCitySenceActivity
ADDED from LVB_JY_BH\LVB_X\AndroidManifest.xml:344:9-351:20
	android:screenOrientation
		ADDED from LVB_JY_BH\LVB_X\AndroidManifest.xml:349:13-50
	android:label
		ADDED from LVB_JY_BH\LVB_X\AndroidManifest.xml:347:13-45
	android:launchMode
		ADDED from LVB_JY_BH\LVB_X\AndroidManifest.xml:348:13-44
	android:configChanges
		ADDED from LVB_JY_BH\LVB_X\AndroidManifest.xml:346:13-79
	android:theme
		ADDED from LVB_JY_BH\LVB_X\AndroidManifest.xml:350:13-71
	android:name
		ADDED from LVB_JY_BH\LVB_X\AndroidManifest.xml:345:13-67
activity#com.hhzt.iptv.ui.TLSubWeatherActivity
ADDED from LVB_JY_BH\LVB_X\AndroidManifest.xml:352:9-359:20
	android:screenOrientation
		ADDED from LVB_JY_BH\LVB_X\AndroidManifest.xml:357:13-50
	android:label
		ADDED from LVB_JY_BH\LVB_X\AndroidManifest.xml:355:13-45
	android:launchMode
		ADDED from LVB_JY_BH\LVB_X\AndroidManifest.xml:356:13-44
	android:configChanges
		ADDED from LVB_JY_BH\LVB_X\AndroidManifest.xml:354:13-79
	android:theme
		ADDED from LVB_JY_BH\LVB_X\AndroidManifest.xml:358:13-71
	android:name
		ADDED from LVB_JY_BH\LVB_X\AndroidManifest.xml:353:13-65
activity#com.hhzt.iptv.ui.TLSubWorldClockActivity
ADDED from LVB_JY_BH\LVB_X\AndroidManifest.xml:360:9-367:20
	android:screenOrientation
		ADDED from LVB_JY_BH\LVB_X\AndroidManifest.xml:365:13-50
	android:label
		ADDED from LVB_JY_BH\LVB_X\AndroidManifest.xml:363:13-45
	android:launchMode
		ADDED from LVB_JY_BH\LVB_X\AndroidManifest.xml:364:13-44
	android:configChanges
		ADDED from LVB_JY_BH\LVB_X\AndroidManifest.xml:362:13-79
	android:theme
		ADDED from LVB_JY_BH\LVB_X\AndroidManifest.xml:366:13-71
	android:name
		ADDED from LVB_JY_BH\LVB_X\AndroidManifest.xml:361:13-68
activity#com.hhzt.iptv.ui.TLSubRateActivity
ADDED from LVB_JY_BH\LVB_X\AndroidManifest.xml:368:9-375:20
	android:screenOrientation
		ADDED from LVB_JY_BH\LVB_X\AndroidManifest.xml:373:13-50
	android:label
		ADDED from LVB_JY_BH\LVB_X\AndroidManifest.xml:371:13-45
	android:launchMode
		ADDED from LVB_JY_BH\LVB_X\AndroidManifest.xml:372:13-44
	android:configChanges